[debug] [2017-09-29T05:21:40.349Z] ----------------------------------------------------------------------
[debug] [2017-09-29T05:21:40.351Z] Command:       /usr/local/bin/node /usr/local/bin/firebase deploy
[debug] [2017-09-29T05:21:40.351Z] CLI Version:   3.9.2
[debug] [2017-09-29T05:21:40.351Z] Platform:      darwin
[debug] [2017-09-29T05:21:40.351Z] Node Version:  v8.2.1
[debug] [2017-09-29T05:21:40.352Z] Time:          Fri Sep 29 2017 01:21:40 GMT-0400 (EDT)
[debug] [2017-09-29T05:21:40.352Z] ----------------------------------------------------------------------
[debug] 
[debug] [2017-09-29T05:21:40.364Z] > command requires scopes: ["email","openid","https://www.googleapis.com/auth/cloudplatformprojects.readonly","https://www.googleapis.com/auth/firebase","https://www.googleapis.com/auth/cloud-platform"]
[debug] [2017-09-29T05:21:40.364Z] > authorizing via signed-in user
[debug] [2017-09-29T05:21:40.366Z] >>> HTTP REQUEST GET https://admin.firebase.com/v1/projects/jay-shi-mean-login  
 Fri Sep 29 2017 01:21:40 GMT-0400 (EDT)
[debug] [2017-09-29T05:21:41.146Z] <<< HTTP RESPONSE 200
[debug] [2017-09-29T05:21:41.147Z] >>> HTTP REQUEST GET https://admin.firebase.com/v1/database/jay-shi-mean-login/tokens  
 Fri Sep 29 2017 01:21:41 GMT-0400 (EDT)
[debug] [2017-09-29T05:21:42.061Z] <<< HTTP RESPONSE 200
[info] 
[info] === Deploying to 'jay-shi-mean-login'...
[info] 
[info] i  deploying hosting
[info] i  hosting: preparing dist directory for upload...
[debug] [2017-09-29T05:21:42.969Z] >>> HTTP REQUEST PUT https://deploy.firebase.com/v1/hosting/jay-shi-mean-login/uploads/-KvB4K6yq4Pg1x3D3I7L?fileCount=7&message=  
 Fri Sep 29 2017 01:21:42 GMT-0400 (EDT)
